{
  "inputs": {
    "test": {
      "phase": "EVAL", 
      "input_type": "ListGenerator", 
      "relation_file": "../../../all_data/mq2007/relation.test.fold1.txt", 
      "batch_list": 10
    }, 
    "predict": {
      "phase": "PREDICT", 
      "input_type": "ListGenerator", 
      "relation_file": "../../../all_data/mq2007/relation.test.fold1.txt", 
      "batch_list": 10
    }, 
    "train": {
      "relation_file": "../../../all_data/mq2007/relation.train.fold1.txt", 
      "input_type": "PairGenerator", 
      "batch_size": 100, 
      "batch_per_iter": 5, 
      "phase": "TRAIN", 
      "query_per_iter": 50, 
      "use_iter": false
    }, 
    "share": {
      "vocab_size": 193368, 
      "use_dpool": false, 
      "embed_size": 50, 
      "target_mode": "ranking", 
      "text1_corpus": "../../../all_data/mq2007/qid_query.txt", 
      "text2_corpus": "../../../all_data/mq2007/docid_doc.txt", 
      "text1_maxlen": 16, 
      "train_embed": true, 
      "text2_maxlen": 4096
    }, 
    "valid": {
      "phase": "EVAL", 
      "input_type": "ListGenerator", 
      "relation_file": "../../../all_data/mq2007/relation.train.fold1.txt", 
      "batch_list": 10
    }
  }, 
  "global": {
    "optimizer": "adam", 
    "num_iters": 200, 
    "save_weights_iters": 10, 
    "learning_rate": 0.0001, 
    "test_weights_iters": 200, 
    "weights_file": "./weights/drmm_tks.mq2007.weights", 
    "model_type": "PY", 
    "display_interval": 1
  }, 
  "outputs": {
    "predict": {
      "save_format": "TREC", 
      "save_path": "predict.test.mq2007.txt"
    }
  }, 
  "losses": [
    {
      "object_name": "rank_hinge_loss", 
      "object_params": {
        "margin": 0.5
      }
    }
  ], 
  "metrics": [
    "ndcg@3", 
    "ndcg@5", 
    "ndcg@10", 
    "map"
  ], 
  "net_name": "DRMM_TKS", 
  "model": {
    "model_py": "drmm_tks.DRMM_TKS", 
    "setting": {
      "dropout_rate": 0.5, 
      "hidden_sizes": [
        512, 
        512, 
        256, 
        128, 
        64, 
        32, 
        16, 
        1
      ], 
      "topk": 512, 
      "num_layers": 8
    }, 
    "model_path": "./models/"
  }
}
[Embedding] Embedding Load Done.
[Input] Process Input Tags. [u'train'] in TRAIN, [u'test', u'valid'] in EVAL.
[../../../all_data/mq2007/qid_query.txt]
	Data size: 1692
[../../../all_data/mq2007/docid_doc.txt]
	Data size: 65323
[Dataset] 2 Dataset Load Done.
{u'relation_file': u'../../../all_data/mq2007/relation.train.fold1.txt', u'vocab_size': 193368, u'query_per_iter': 50, u'use_dpool': False, u'embed_size': 50, u'target_mode': u'ranking', u'input_type': u'PairGenerator', u'text1_corpus': u'../../../all_data/mq2007/qid_query.txt', u'batch_size': 100, u'batch_per_iter': 5, u'text2_corpus': u'../../../all_data/mq2007/docid_doc.txt', u'use_iter': False, u'text1_maxlen': 16, u'phase': u'TRAIN', 'embed': array([[-0.18291523, -0.00574826, -0.13887608, ..., -0.03456349,
         0.10058585,  0.15525076],
       [-0.01294214,  0.08529575, -0.1892907 , ...,  0.04963925,
        -0.11150367,  0.02667126],
       [ 0.19042659,  0.09277846, -0.10941583, ...,  0.16021279,
        -0.14250447, -0.0654474 ],
       ...,
       [ 0.13297032, -0.10163666, -0.09375842, ...,  0.10432798,
        -0.11046486, -0.08259608],
       [-0.14143716,  0.07006565, -0.02755165, ...,  0.1069705 ,
         0.16075325, -0.17929861],
       [ 0.04528243, -0.07688417, -0.07773306, ...,  0.06300942,
         0.07912339,  0.05669331]], dtype=float32), u'train_embed': True, u'text2_maxlen': 4096}
[../../../all_data/mq2007/relation.train.fold1.txt]
	Instance size: 47828
Pair Instance Count: 325439
[PairGenerator] init done
{u'relation_file': u'../../../all_data/mq2007/relation.test.fold1.txt', u'vocab_size': 193368, u'use_dpool': False, u'embed_size': 50, u'target_mode': u'ranking', u'input_type': u'ListGenerator', u'batch_list': 10, u'text1_corpus': u'../../../all_data/mq2007/qid_query.txt', u'text2_corpus': u'../../../all_data/mq2007/docid_doc.txt', u'text1_maxlen': 16, u'phase': u'EVAL', 'embed': array([[-0.18291523, -0.00574826, -0.13887608, ..., -0.03456349,
         0.10058585,  0.15525076],
       [-0.01294214,  0.08529575, -0.1892907 , ...,  0.04963925,
        -0.11150367,  0.02667126],
       [ 0.19042659,  0.09277846, -0.10941583, ...,  0.16021279,
        -0.14250447, -0.0654474 ],
       ...,
       [ 0.13297032, -0.10163666, -0.09375842, ...,  0.10432798,
        -0.11046486, -0.08259608],
       [-0.14143716,  0.07006565, -0.02755165, ...,  0.1069705 ,
         0.16075325, -0.17929861],
       [ 0.04528243, -0.07688417, -0.07773306, ...,  0.06300942,
         0.07912339,  0.05669331]], dtype=float32), u'train_embed': True, u'text2_maxlen': 4096}
[../../../all_data/mq2007/relation.test.fold1.txt]
	Instance size: 13652
List Instance Count: 336
[ListGenerator] init done
{u'relation_file': u'../../../all_data/mq2007/relation.train.fold1.txt', u'vocab_size': 193368, u'use_dpool': False, u'embed_size': 50, u'target_mode': u'ranking', u'input_type': u'ListGenerator', u'batch_list': 10, u'text1_corpus': u'../../../all_data/mq2007/qid_query.txt', u'text2_corpus': u'../../../all_data/mq2007/docid_doc.txt', u'text1_maxlen': 16, u'phase': u'EVAL', 'embed': array([[-0.18291523, -0.00574826, -0.13887608, ..., -0.03456349,
         0.10058585,  0.15525076],
       [-0.01294214,  0.08529575, -0.1892907 , ...,  0.04963925,
        -0.11150367,  0.02667126],
       [ 0.19042659,  0.09277846, -0.10941583, ...,  0.16021279,
        -0.14250447, -0.0654474 ],
       ...,
       [ 0.13297032, -0.10163666, -0.09375842, ...,  0.10432798,
        -0.11046486, -0.08259608],
       [-0.14143716,  0.07006565, -0.02755165, ...,  0.1069705 ,
         0.16075325, -0.17929861],
       [ 0.04528243, -0.07688417, -0.07773306, ...,  0.06300942,
         0.07912339,  0.05669331]], dtype=float32), u'train_embed': True, u'text2_maxlen': 4096}
[../../../all_data/mq2007/relation.train.fold1.txt]
	Instance size: 47828
List Instance Count: 1165
[ListGenerator] init done
[DRMM_TKS] init done
[layer]: Input	[shape]: [None, 16] 
[33m [Memory] Total Memory Use: 4093.7969 MB 	 Resident: 4192048 Shared: 0 UnshareData: 0 UnshareStack: 0 [0m
[layer]: Input	[shape]: [None, 4096] 
[33m [Memory] Total Memory Use: 4093.7969 MB 	 Resident: 4192048 Shared: 0 UnshareData: 0 UnshareStack: 0 [0m
[layer]: Embedding	[shape]: [None, 16, 50] 
[33m [Memory] Total Memory Use: 4245.7539 MB 	 Resident: 4347652 Shared: 0 UnshareData: 0 UnshareStack: 0 [0m
[layer]: Embedding	[shape]: [None, 4096, 50] 
[33m [Memory] Total Memory Use: 4245.7539 MB 	 Resident: 4347652 Shared: 0 UnshareData: 0 UnshareStack: 0 [0m
[layer]: Dot	[shape]: [None, 16, 4096] 
[33m [Memory] Total Memory Use: 4245.7539 MB 	 Resident: 4347652 Shared: 0 UnshareData: 0 UnshareStack: 0 [0m
[layer]: Dense	[shape]: [None, 16, 1] 
[33m [Memory] Total Memory Use: 4245.7539 MB 	 Resident: 4347652 Shared: 0 UnshareData: 0 UnshareStack: 0 [0m
[layer]: Lambda-softmax	[shape]: [None, 16, 1] 
[33m [Memory] Total Memory Use: 4245.7539 MB 	 Resident: 4347652 Shared: 0 UnshareData: 0 UnshareStack: 0 [0m
[layer]: Reshape	[shape]: [None, 16] 
[33m [Memory] Total Memory Use: 4245.7539 MB 	 Resident: 4347652 Shared: 0 UnshareData: 0 UnshareStack: 0 [0m
[layer]: Lambda-topk	[shape]: [None, 16, 512] 
[33m [Memory] Total Memory Use: 4245.7539 MB 	 Resident: 4347652 Shared: 0 UnshareData: 0 UnshareStack: 0 [0m
[layer]: Dense	[shape]: [None, 16, 512] 
[33m [Memory] Total Memory Use: 4245.7539 MB 	 Resident: 4347652 Shared: 0 UnshareData: 0 UnshareStack: 0 [0m
[layer]: Dense	[shape]: [None, 16, 512] 
[33m [Memory] Total Memory Use: 4245.7539 MB 	 Resident: 4347652 Shared: 0 UnshareData: 0 UnshareStack: 0 [0m
[layer]: Dense	[shape]: [None, 16, 256] 
[33m [Memory] Total Memory Use: 4245.7539 MB 	 Resident: 4347652 Shared: 0 UnshareData: 0 UnshareStack: 0 [0m
[layer]: Dense	[shape]: [None, 16, 128] 
[33m [Memory] Total Memory Use: 4245.7539 MB 	 Resident: 4347652 Shared: 0 UnshareData: 0 UnshareStack: 0 [0m
[layer]: Dense	[shape]: [None, 16, 64] 
[33m [Memory] Total Memory Use: 4245.7539 MB 	 Resident: 4347652 Shared: 0 UnshareData: 0 UnshareStack: 0 [0m
[layer]: Dense	[shape]: [None, 16, 32] 
[33m [Memory] Total Memory Use: 4245.7539 MB 	 Resident: 4347652 Shared: 0 UnshareData: 0 UnshareStack: 0 [0m
[layer]: Dense	[shape]: [None, 16, 16] 
[33m [Memory] Total Memory Use: 4245.7539 MB 	 Resident: 4347652 Shared: 0 UnshareData: 0 UnshareStack: 0 [0m
[layer]: Dense	[shape]: [None, 16, 1] 
[33m [Memory] Total Memory Use: 4245.7539 MB 	 Resident: 4347652 Shared: 0 UnshareData: 0 UnshareStack: 0 [0m
[layer]: Dropout	[shape]: [None, 16, 1] 
[33m [Memory] Total Memory Use: 4245.7539 MB 	 Resident: 4347652 Shared: 0 UnshareData: 0 UnshareStack: 0 [0m
[layer]: Reshape	[shape]: [None, 16] 
[33m [Memory] Total Memory Use: 4245.7539 MB 	 Resident: 4347652 Shared: 0 UnshareData: 0 UnshareStack: 0 [0m
[layer]: Dot	[shape]: [None, 1] 
[33m [Memory] Total Memory Use: 4245.7539 MB 	 Resident: 4347652 Shared: 0 UnshareData: 0 UnshareStack: 0 [0m
[layer]: Dense	[shape]: [None, 1] 
[33m [Memory] Total Memory Use: 4245.7539 MB 	 Resident: 4347652 Shared: 0 UnshareData: 0 UnshareStack: 0 [0m
[Model] Model Compile Done.
[03-21-2018 05:28:51]	[Train:train] Iter:0	loss=0.502118
[03-21-2018 05:28:58]	[Eval:test] Iter:0	ndcg@10=0.324619	ndcg@3=0.272502	map=0.377936	ndcg@5=0.289587
[03-21-2018 05:29:11]	[Eval:valid] Iter:0	ndcg@10=0.373439	ndcg@3=0.303131	map=0.427626	ndcg@5=0.320975
[03-21-2018 05:29:58]	[Train:train] Iter:1	loss=0.499755
[03-21-2018 05:29:59]	[Eval:test] Iter:1	ndcg@10=0.325871	ndcg@3=0.278726	map=0.378576	ndcg@5=0.291553
[03-21-2018 05:30:12]	[Eval:valid] Iter:1	ndcg@10=0.375183	ndcg@3=0.305362	map=0.428742	ndcg@5=0.322036
[03-21-2018 05:30:58]	[Train:train] Iter:2	loss=0.498937
[03-21-2018 05:30:59]	[Eval:test] Iter:2	ndcg@10=0.326362	ndcg@3=0.276176	map=0.378516	ndcg@5=0.294186
[03-21-2018 05:31:12]	[Eval:valid] Iter:2	ndcg@10=0.377994	ndcg@3=0.308030	map=0.430498	ndcg@5=0.325454
[03-21-2018 05:31:58]	[Train:train] Iter:3	loss=0.502343
[03-21-2018 05:31:59]	[Eval:test] Iter:3	ndcg@10=0.326329	ndcg@3=0.279456	map=0.379787	ndcg@5=0.296083
[03-21-2018 05:32:13]	[Eval:valid] Iter:3	ndcg@10=0.380571	ndcg@3=0.310286	map=0.433318	ndcg@5=0.329045
[03-21-2018 05:32:59]	[Train:train] Iter:4	loss=0.501083
[03-21-2018 05:33:00]	[Eval:test] Iter:4	ndcg@10=0.322275	ndcg@3=0.274988	map=0.383538	ndcg@5=0.288142
[03-21-2018 05:33:13]	[Eval:valid] Iter:4	ndcg@10=0.371148	ndcg@3=0.307312	map=0.435920	ndcg@5=0.322324
[03-21-2018 05:33:59]	[Train:train] Iter:5	loss=0.498318
[03-21-2018 05:34:00]	[Eval:test] Iter:5	ndcg@10=0.316623	ndcg@3=0.269693	map=0.385093	ndcg@5=0.281366
[03-21-2018 05:34:13]	[Eval:valid] Iter:5	ndcg@10=0.353919	ndcg@3=0.288502	map=0.428336	ndcg@5=0.303512
[03-21-2018 05:35:00]	[Train:train] Iter:6	loss=0.498520
[03-21-2018 05:35:01]	[Eval:test] Iter:6	ndcg@10=0.318086	ndcg@3=0.275050	map=0.384879	ndcg@5=0.282173
[03-21-2018 05:35:14]	[Eval:valid] Iter:6	ndcg@10=0.355980	ndcg@3=0.289869	map=0.429715	ndcg@5=0.306213
[03-21-2018 05:36:01]	[Train:train] Iter:7	loss=0.499250
[03-21-2018 05:36:02]	[Eval:test] Iter:7	ndcg@10=0.320377	ndcg@3=0.278122	map=0.388066	ndcg@5=0.287496
[03-21-2018 05:36:15]	[Eval:valid] Iter:7	ndcg@10=0.358713	ndcg@3=0.292843	map=0.431423	ndcg@5=0.307303
[03-21-2018 05:37:02]	[Train:train] Iter:8	loss=0.499756
[03-21-2018 05:37:03]	[Eval:test] Iter:8	ndcg@10=0.322530	ndcg@3=0.274013	map=0.389710	ndcg@5=0.287547
[03-21-2018 05:37:16]	[Eval:valid] Iter:8	ndcg@10=0.360039	ndcg@3=0.293751	map=0.432539	ndcg@5=0.308826
[03-21-2018 05:38:02]	[Train:train] Iter:9	loss=0.497998
[03-21-2018 05:38:03]	[Eval:test] Iter:9	ndcg@10=0.321223	ndcg@3=0.271950	map=0.388015	ndcg@5=0.285586
[03-21-2018 05:38:17]	[Eval:valid] Iter:9	ndcg@10=0.361206	ndcg@3=0.295386	map=0.433229	ndcg@5=0.309645
[03-21-2018 05:39:03]	[Train:train] Iter:10	loss=0.501349
[03-21-2018 05:39:04]	[Eval:test] Iter:10	ndcg@10=0.324017	ndcg@3=0.277578	map=0.389478	ndcg@5=0.288318
[03-21-2018 05:39:17]	[Eval:valid] Iter:10	ndcg@10=0.363001	ndcg@3=0.295391	map=0.434449	ndcg@5=0.309345
[03-21-2018 05:40:03]	[Train:train] Iter:11	loss=0.500568
[03-21-2018 05:40:04]	[Eval:test] Iter:11	ndcg@10=0.328375	ndcg@3=0.279143	map=0.390343	ndcg@5=0.288367
[03-21-2018 05:40:17]	[Eval:valid] Iter:11	ndcg@10=0.364706	ndcg@3=0.295561	map=0.436273	ndcg@5=0.311238
[03-21-2018 05:41:04]	[Train:train] Iter:12	loss=0.499702
[03-21-2018 05:41:05]	[Eval:test] Iter:12	ndcg@10=0.332233	ndcg@3=0.280410	map=0.390241	ndcg@5=0.292680
[03-21-2018 05:41:18]	[Eval:valid] Iter:12	ndcg@10=0.362251	ndcg@3=0.294414	map=0.436042	ndcg@5=0.310844
[03-21-2018 05:42:04]	[Train:train] Iter:13	loss=0.500452
[03-21-2018 05:42:05]	[Eval:test] Iter:13	ndcg@10=0.333487	ndcg@3=0.281248	map=0.390285	ndcg@5=0.292468
[03-21-2018 05:42:18]	[Eval:valid] Iter:13	ndcg@10=0.362890	ndcg@3=0.293281	map=0.436872	ndcg@5=0.311787
[03-21-2018 05:43:05]	[Train:train] Iter:14	loss=0.498489
[03-21-2018 05:43:06]	[Eval:test] Iter:14	ndcg@10=0.333614	ndcg@3=0.282858	map=0.390459	ndcg@5=0.292607
[03-21-2018 05:43:19]	[Eval:valid] Iter:14	ndcg@10=0.362354	ndcg@3=0.293191	map=0.436290	ndcg@5=0.311969
[03-21-2018 05:44:05]	[Train:train] Iter:15	loss=0.498205
[03-21-2018 05:44:06]	[Eval:test] Iter:15	ndcg@10=0.332862	ndcg@3=0.284387	map=0.389614	ndcg@5=0.290224
[03-21-2018 05:44:20]	[Eval:valid] Iter:15	ndcg@10=0.362456	ndcg@3=0.294270	map=0.436580	ndcg@5=0.313398
[03-21-2018 05:45:06]	[Train:train] Iter:16	loss=0.498667
[03-21-2018 05:45:07]	[Eval:test] Iter:16	ndcg@10=0.334015	ndcg@3=0.285510	map=0.389518	ndcg@5=0.293200
[03-21-2018 05:45:20]	[Eval:valid] Iter:16	ndcg@10=0.362629	ndcg@3=0.294865	map=0.436678	ndcg@5=0.313477
[03-21-2018 05:46:07]	[Train:train] Iter:17	loss=0.498542
[03-21-2018 05:46:08]	[Eval:test] Iter:17	ndcg@10=0.333059	ndcg@3=0.282022	map=0.390729	ndcg@5=0.290358
[03-21-2018 05:46:21]	[Eval:valid] Iter:17	ndcg@10=0.361560	ndcg@3=0.296797	map=0.435902	ndcg@5=0.312124
[03-21-2018 05:47:07]	[Train:train] Iter:18	loss=0.498749
[03-21-2018 05:47:08]	[Eval:test] Iter:18	ndcg@10=0.331416	ndcg@3=0.281867	map=0.391081	ndcg@5=0.288246
[03-21-2018 05:47:21]	[Eval:valid] Iter:18	ndcg@10=0.362671	ndcg@3=0.295733	map=0.435280	ndcg@5=0.311298
[03-21-2018 05:48:08]	[Train:train] Iter:19	loss=0.502997
[03-21-2018 05:48:09]	[Eval:test] Iter:19	ndcg@10=0.329119	ndcg@3=0.279260	map=0.389211	ndcg@5=0.289201
[03-21-2018 05:48:22]	[Eval:valid] Iter:19	ndcg@10=0.364148	ndcg@3=0.296964	map=0.435240	ndcg@5=0.312011
[03-21-2018 05:49:09]	[Train:train] Iter:20	loss=0.497776
[03-21-2018 05:49:10]	[Eval:test] Iter:20	ndcg@10=0.328746	ndcg@3=0.278420	map=0.389447	ndcg@5=0.285940
[03-21-2018 05:49:23]	[Eval:valid] Iter:20	ndcg@10=0.362525	ndcg@3=0.296228	map=0.434134	ndcg@5=0.311314
[03-21-2018 05:50:10]	[Train:train] Iter:21	loss=0.495212
[03-21-2018 05:50:10]	[Eval:test] Iter:21	ndcg@10=0.327722	ndcg@3=0.277657	map=0.387265	ndcg@5=0.285214
[03-21-2018 05:50:24]	[Eval:valid] Iter:21	ndcg@10=0.363170	ndcg@3=0.296443	map=0.433573	ndcg@5=0.310991
[03-21-2018 05:51:10]	[Train:train] Iter:22	loss=0.500815
[03-21-2018 05:51:11]	[Eval:test] Iter:22	ndcg@10=0.325444	ndcg@3=0.280030	map=0.387391	ndcg@5=0.286066
[03-21-2018 05:51:24]	[Eval:valid] Iter:22	ndcg@10=0.363012	ndcg@3=0.298014	map=0.433004	ndcg@5=0.311129
[03-21-2018 05:52:11]	[Train:train] Iter:23	loss=0.497421
[03-21-2018 05:52:12]	[Eval:test] Iter:23	ndcg@10=0.326516	ndcg@3=0.280049	map=0.387202	ndcg@5=0.285072
[03-21-2018 05:52:25]	[Eval:valid] Iter:23	ndcg@10=0.362740	ndcg@3=0.297417	map=0.433145	ndcg@5=0.311035
[03-21-2018 05:53:11]	[Train:train] Iter:24	loss=0.499942
[03-21-2018 05:53:12]	[Eval:test] Iter:24	ndcg@10=0.326115	ndcg@3=0.278871	map=0.387047	ndcg@5=0.285446
[03-21-2018 05:53:25]	[Eval:valid] Iter:24	ndcg@10=0.362325	ndcg@3=0.296513	map=0.433392	ndcg@5=0.311343
[03-21-2018 05:54:11]	[Train:train] Iter:25	loss=0.496648
[03-21-2018 05:54:12]	[Eval:test] Iter:25	ndcg@10=0.326281	ndcg@3=0.276867	map=0.387194	ndcg@5=0.285264
[03-21-2018 05:54:25]	[Eval:valid] Iter:25	ndcg@10=0.362328	ndcg@3=0.295917	map=0.433387	ndcg@5=0.311683
[03-21-2018 05:55:11]	[Train:train] Iter:26	loss=0.502600
[03-21-2018 05:55:12]	[Eval:test] Iter:26	ndcg@10=0.328794	ndcg@3=0.277479	map=0.388938	ndcg@5=0.286669
[03-21-2018 05:55:26]	[Eval:valid] Iter:26	ndcg@10=0.362543	ndcg@3=0.296493	map=0.433517	ndcg@5=0.310817
[03-21-2018 05:56:12]	[Train:train] Iter:27	loss=0.506958
[03-21-2018 05:56:13]	[Eval:test] Iter:27	ndcg@10=0.329947	ndcg@3=0.278897	map=0.389489	ndcg@5=0.289809
[03-21-2018 05:56:26]	[Eval:valid] Iter:27	ndcg@10=0.362433	ndcg@3=0.296350	map=0.434284	ndcg@5=0.311491
[03-21-2018 05:57:13]	[Train:train] Iter:28	loss=0.490684
[03-21-2018 05:57:14]	[Eval:test] Iter:28	ndcg@10=0.329413	ndcg@3=0.277329	map=0.389414	ndcg@5=0.291293
[03-21-2018 05:57:27]	[Eval:valid] Iter:28	ndcg@10=0.362443	ndcg@3=0.296260	map=0.434472	ndcg@5=0.311437
[03-21-2018 05:58:14]	[Train:train] Iter:29	loss=0.481682
[03-21-2018 05:58:14]	[Eval:test] Iter:29	ndcg@10=0.328339	ndcg@3=0.279753	map=0.388448	ndcg@5=0.286696
[03-21-2018 05:58:28]	[Eval:valid] Iter:29	ndcg@10=0.362745	ndcg@3=0.297075	map=0.433872	ndcg@5=0.311412
[03-21-2018 05:59:14]	[Train:train] Iter:30	loss=0.487195
[03-21-2018 05:59:15]	[Eval:test] Iter:30	ndcg@10=0.327987	ndcg@3=0.280050	map=0.389034	ndcg@5=0.288512
[03-21-2018 05:59:28]	[Eval:valid] Iter:30	ndcg@10=0.362566	ndcg@3=0.297712	map=0.433824	ndcg@5=0.311861
[03-21-2018 06:00:14]	[Train:train] Iter:31	loss=0.507148
[03-21-2018 06:00:15]	[Eval:test] Iter:31	ndcg@10=0.326501	ndcg@3=0.280624	map=0.388559	ndcg@5=0.288519
[03-21-2018 06:00:28]	[Eval:valid] Iter:31	ndcg@10=0.363624	ndcg@3=0.298729	map=0.433723	ndcg@5=0.311071
[03-21-2018 06:01:14]	[Train:train] Iter:32	loss=0.492114
[03-21-2018 06:01:15]	[Eval:test] Iter:32	ndcg@10=0.325680	ndcg@3=0.278796	map=0.388713	ndcg@5=0.289347
[03-21-2018 06:01:28]	[Eval:valid] Iter:32	ndcg@10=0.361735	ndcg@3=0.297095	map=0.432415	ndcg@5=0.311068
[03-21-2018 06:02:15]	[Train:train] Iter:33	loss=0.474163
[03-21-2018 06:02:15]	[Eval:test] Iter:33	ndcg@10=0.325172	ndcg@3=0.277613	map=0.387134	ndcg@5=0.287391
[03-21-2018 06:02:29]	[Eval:valid] Iter:33	ndcg@10=0.361078	ndcg@3=0.296066	map=0.432068	ndcg@5=0.309381
[03-21-2018 06:03:15]	[Train:train] Iter:34	loss=0.452874
[03-21-2018 06:03:16]	[Eval:test] Iter:34	ndcg@10=0.320777	ndcg@3=0.277808	map=0.384735	ndcg@5=0.285790
[03-21-2018 06:03:30]	[Eval:valid] Iter:34	ndcg@10=0.358332	ndcg@3=0.293816	map=0.430581	ndcg@5=0.307959
[03-21-2018 06:04:16]	[Train:train] Iter:35	loss=0.510894
[03-21-2018 06:04:17]	[Eval:test] Iter:35	ndcg@10=0.329797	ndcg@3=0.285282	map=0.385884	ndcg@5=0.298571
[03-21-2018 06:04:30]	[Eval:valid] Iter:35	ndcg@10=0.388783	ndcg@3=0.318141	map=0.445518	ndcg@5=0.338960
[03-21-2018 06:05:17]	[Train:train] Iter:36	loss=0.446217
[03-21-2018 06:05:18]	[Eval:test] Iter:36	ndcg@10=0.328497	ndcg@3=0.288377	map=0.379949	ndcg@5=0.301328
[03-21-2018 06:05:31]	[Eval:valid] Iter:36	ndcg@10=0.388027	ndcg@3=0.318104	map=0.439315	ndcg@5=0.338268
[03-21-2018 06:06:18]	[Train:train] Iter:37	loss=0.492473
[03-21-2018 06:06:19]	[Eval:test] Iter:37	ndcg@10=0.328642	ndcg@3=0.289220	map=0.381613	ndcg@5=0.300737
[03-21-2018 06:06:32]	[Eval:valid] Iter:37	ndcg@10=0.387819	ndcg@3=0.317175	map=0.440216	ndcg@5=0.338949
[03-21-2018 06:07:19]	[Train:train] Iter:38	loss=0.429990
[03-21-2018 06:07:20]	[Eval:test] Iter:38	ndcg@10=0.329127	ndcg@3=0.287819	map=0.386788	ndcg@5=0.299717
[03-21-2018 06:07:33]	[Eval:valid] Iter:38	ndcg@10=0.389714	ndcg@3=0.318467	map=0.446137	ndcg@5=0.339440
[03-21-2018 06:08:19]	[Train:train] Iter:39	loss=0.488249
[03-21-2018 06:08:20]	[Eval:test] Iter:39	ndcg@10=0.319864	ndcg@3=0.274367	map=0.384456	ndcg@5=0.285373
[03-21-2018 06:08:34]	[Eval:valid] Iter:39	ndcg@10=0.358660	ndcg@3=0.295534	map=0.430470	ndcg@5=0.308167
[03-21-2018 06:09:20]	[Train:train] Iter:40	loss=0.454893
[03-21-2018 06:09:21]	[Eval:test] Iter:40	ndcg@10=0.319646	ndcg@3=0.274798	map=0.384111	ndcg@5=0.285461
[03-21-2018 06:09:35]	[Eval:valid] Iter:40	ndcg@10=0.358749	ndcg@3=0.295006	map=0.430595	ndcg@5=0.307739
[03-21-2018 06:10:21]	[Train:train] Iter:41	loss=0.444391
[03-21-2018 06:10:22]	[Eval:test] Iter:41	ndcg@10=0.320763	ndcg@3=0.277938	map=0.385619	ndcg@5=0.285525
[03-21-2018 06:10:35]	[Eval:valid] Iter:41	ndcg@10=0.359072	ndcg@3=0.294445	map=0.430861	ndcg@5=0.308336
[03-21-2018 06:11:22]	[Train:train] Iter:42	loss=0.478353
[03-21-2018 06:11:23]	[Eval:test] Iter:42	ndcg@10=0.321642	ndcg@3=0.276366	map=0.386249	ndcg@5=0.284953
[03-21-2018 06:11:36]	[Eval:valid] Iter:42	ndcg@10=0.358889	ndcg@3=0.293543	map=0.431210	ndcg@5=0.308249
[03-21-2018 06:12:22]	[Train:train] Iter:43	loss=0.490813
[03-21-2018 06:12:23]	[Eval:test] Iter:43	ndcg@10=0.321050	ndcg@3=0.276491	map=0.385439	ndcg@5=0.285109
[03-21-2018 06:12:36]	[Eval:valid] Iter:43	ndcg@10=0.358901	ndcg@3=0.294437	map=0.430995	ndcg@5=0.307974
[03-21-2018 06:13:22]	[Train:train] Iter:44	loss=0.458437
[03-21-2018 06:13:23]	[Eval:test] Iter:44	ndcg@10=0.322830	ndcg@3=0.277268	map=0.386838	ndcg@5=0.285616
[03-21-2018 06:13:36]	[Eval:valid] Iter:44	ndcg@10=0.359436	ndcg@3=0.296037	map=0.431087	ndcg@5=0.309965
[03-21-2018 06:14:22]	[Train:train] Iter:45	loss=0.520596
[03-21-2018 06:14:23]	[Eval:test] Iter:45	ndcg@10=0.321847	ndcg@3=0.275112	map=0.386099	ndcg@5=0.285090
[03-21-2018 06:14:36]	[Eval:valid] Iter:45	ndcg@10=0.358925	ndcg@3=0.296135	map=0.430727	ndcg@5=0.308964
[03-21-2018 06:15:23]	[Train:train] Iter:46	loss=0.520177
[03-21-2018 06:15:24]	[Eval:test] Iter:46	ndcg@10=0.320734	ndcg@3=0.275791	map=0.385513	ndcg@5=0.285062
[03-21-2018 06:15:37]	[Eval:valid] Iter:46	ndcg@10=0.358297	ndcg@3=0.294837	map=0.430400	ndcg@5=0.307974
[03-21-2018 06:16:24]	[Train:train] Iter:47	loss=0.484283
[03-21-2018 06:16:25]	[Eval:test] Iter:47	ndcg@10=0.320506	ndcg@3=0.274304	map=0.384983	ndcg@5=0.284974
[03-21-2018 06:16:38]	[Eval:valid] Iter:47	ndcg@10=0.357551	ndcg@3=0.293726	map=0.430180	ndcg@5=0.308461
[03-21-2018 06:17:24]	[Train:train] Iter:48	loss=0.473634
[03-21-2018 06:17:25]	[Eval:test] Iter:48	ndcg@10=0.320088	ndcg@3=0.276413	map=0.385226	ndcg@5=0.285910
[03-21-2018 06:17:38]	[Eval:valid] Iter:48	ndcg@10=0.357290	ndcg@3=0.294168	map=0.430073	ndcg@5=0.307791
[03-21-2018 06:18:24]	[Train:train] Iter:49	loss=0.468062
[03-21-2018 06:18:25]	[Eval:test] Iter:49	ndcg@10=0.319886	ndcg@3=0.275310	map=0.384755	ndcg@5=0.285889
[03-21-2018 06:18:39]	[Eval:valid] Iter:49	ndcg@10=0.357514	ndcg@3=0.294228	map=0.430098	ndcg@5=0.307677
[03-21-2018 06:19:25]	[Train:train] Iter:50	loss=0.498008
[03-21-2018 06:19:26]	[Eval:test] Iter:50	ndcg@10=0.320522	ndcg@3=0.276025	map=0.385138	ndcg@5=0.285014
[03-21-2018 06:19:40]	[Eval:valid] Iter:50	ndcg@10=0.357303	ndcg@3=0.294612	map=0.430070	ndcg@5=0.308002
[03-21-2018 06:20:25]	[Train:train] Iter:51	loss=0.491763
[03-21-2018 06:20:26]	[Eval:test] Iter:51	ndcg@10=0.319718	ndcg@3=0.275853	map=0.384920	ndcg@5=0.284351
[03-21-2018 06:20:39]	[Eval:valid] Iter:51	ndcg@10=0.357947	ndcg@3=0.295118	map=0.430144	ndcg@5=0.308310
[03-21-2018 06:21:26]	[Train:train] Iter:52	loss=0.507479
[03-21-2018 06:21:27]	[Eval:test] Iter:52	ndcg@10=0.319066	ndcg@3=0.274804	map=0.383648	ndcg@5=0.284199
[03-21-2018 06:21:40]	[Eval:valid] Iter:52	ndcg@10=0.357878	ndcg@3=0.296021	map=0.430281	ndcg@5=0.308921
[03-21-2018 06:22:26]	[Train:train] Iter:53	loss=0.475288
[03-21-2018 06:22:27]	[Eval:test] Iter:53	ndcg@10=0.317913	ndcg@3=0.272955	map=0.382951	ndcg@5=0.282891
[03-21-2018 06:22:40]	[Eval:valid] Iter:53	ndcg@10=0.357965	ndcg@3=0.295292	map=0.430044	ndcg@5=0.308393
[03-21-2018 06:23:26]	[Train:train] Iter:54	loss=0.484136
[03-21-2018 06:23:27]	[Eval:test] Iter:54	ndcg@10=0.318322	ndcg@3=0.273281	map=0.383790	ndcg@5=0.283399
[03-21-2018 06:23:40]	[Eval:valid] Iter:54	ndcg@10=0.358282	ndcg@3=0.294913	map=0.430532	ndcg@5=0.308273
[03-21-2018 06:24:26]	[Train:train] Iter:55	loss=0.470831
[03-21-2018 06:24:27]	[Eval:test] Iter:55	ndcg@10=0.319115	ndcg@3=0.272792	map=0.384104	ndcg@5=0.282111
[03-21-2018 06:24:41]	[Eval:valid] Iter:55	ndcg@10=0.359160	ndcg@3=0.295628	map=0.431108	ndcg@5=0.310147
[03-21-2018 06:25:27]	[Train:train] Iter:56	loss=0.480661
[03-21-2018 06:25:28]	[Eval:test] Iter:56	ndcg@10=0.319984	ndcg@3=0.275073	map=0.385189	ndcg@5=0.283210
[03-21-2018 06:25:41]	[Eval:valid] Iter:56	ndcg@10=0.359709	ndcg@3=0.296422	map=0.431594	ndcg@5=0.310328
[03-21-2018 06:26:28]	[Train:train] Iter:57	loss=0.499756
[03-21-2018 06:26:29]	[Eval:test] Iter:57	ndcg@10=0.321163	ndcg@3=0.274375	map=0.385326	ndcg@5=0.282711
[03-21-2018 06:26:42]	[Eval:valid] Iter:57	ndcg@10=0.360068	ndcg@3=0.296361	map=0.431808	ndcg@5=0.311457
[03-21-2018 06:27:28]	[Train:train] Iter:58	loss=0.497389
[03-21-2018 06:27:29]	[Eval:test] Iter:58	ndcg@10=0.320287	ndcg@3=0.273939	map=0.385263	ndcg@5=0.282906
[03-21-2018 06:27:43]	[Eval:valid] Iter:58	ndcg@10=0.360192	ndcg@3=0.297174	map=0.432037	ndcg@5=0.311228
[03-21-2018 06:28:29]	[Train:train] Iter:59	loss=0.458105
[03-21-2018 06:28:30]	[Eval:test] Iter:59	ndcg@10=0.320496	ndcg@3=0.274865	map=0.385398	ndcg@5=0.282856
[03-21-2018 06:28:43]	[Eval:valid] Iter:59	ndcg@10=0.359960	ndcg@3=0.296586	map=0.431563	ndcg@5=0.311367
[03-21-2018 06:29:30]	[Train:train] Iter:60	loss=0.523157
[03-21-2018 06:29:31]	[Eval:test] Iter:60	ndcg@10=0.320013	ndcg@3=0.273344	map=0.384173	ndcg@5=0.282869
[03-21-2018 06:29:44]	[Eval:valid] Iter:60	ndcg@10=0.360092	ndcg@3=0.296401	map=0.431506	ndcg@5=0.310173
[03-21-2018 06:30:31]	[Train:train] Iter:61	loss=0.499926
[03-21-2018 06:30:32]	[Eval:test] Iter:61	ndcg@10=0.319288	ndcg@3=0.275386	map=0.384377	ndcg@5=0.282909
[03-21-2018 06:30:45]	[Eval:valid] Iter:61	ndcg@10=0.359724	ndcg@3=0.296109	map=0.431360	ndcg@5=0.310593
[03-21-2018 06:31:32]	[Train:train] Iter:62	loss=0.459091
[03-21-2018 06:31:33]	[Eval:test] Iter:62	ndcg@10=0.319318	ndcg@3=0.274455	map=0.384580	ndcg@5=0.283577
[03-21-2018 06:31:46]	[Eval:valid] Iter:62	ndcg@10=0.359952	ndcg@3=0.296859	map=0.431282	ndcg@5=0.310403
[03-21-2018 06:32:32]	[Train:train] Iter:63	loss=0.493262
[03-21-2018 06:32:33]	[Eval:test] Iter:63	ndcg@10=0.320706	ndcg@3=0.275904	map=0.385229	ndcg@5=0.285491
[03-21-2018 06:32:47]	[Eval:valid] Iter:63	ndcg@10=0.360063	ndcg@3=0.297046	map=0.431379	ndcg@5=0.310417
[03-21-2018 06:33:33]	[Train:train] Iter:64	loss=0.499341
[03-21-2018 06:33:34]	[Eval:test] Iter:64	ndcg@10=0.320979	ndcg@3=0.275114	map=0.385358	ndcg@5=0.286497
[03-21-2018 06:33:47]	[Eval:valid] Iter:64	ndcg@10=0.360269	ndcg@3=0.296820	map=0.431497	ndcg@5=0.310494
[03-21-2018 06:34:33]	[Train:train] Iter:65	loss=0.458545
[03-21-2018 06:34:34]	[Eval:test] Iter:65	ndcg@10=0.320575	ndcg@3=0.275671	map=0.385166	ndcg@5=0.286496
[03-21-2018 06:34:48]	[Eval:valid] Iter:65	ndcg@10=0.360339	ndcg@3=0.298109	map=0.431529	ndcg@5=0.310263
[03-21-2018 06:35:33]	[Train:train] Iter:66	loss=0.451450
[03-21-2018 06:35:34]	[Eval:test] Iter:66	ndcg@10=0.320761	ndcg@3=0.275904	map=0.385458	ndcg@5=0.285901
[03-21-2018 06:35:48]	[Eval:valid] Iter:66	ndcg@10=0.360429	ndcg@3=0.297980	map=0.431723	ndcg@5=0.310467
[03-21-2018 06:36:34]	[Train:train] Iter:67	loss=0.478101
[03-21-2018 06:36:35]	[Eval:test] Iter:67	ndcg@10=0.319752	ndcg@3=0.274435	map=0.384534	ndcg@5=0.286033
[03-21-2018 06:36:48]	[Eval:valid] Iter:67	ndcg@10=0.360491	ndcg@3=0.298778	map=0.431929	ndcg@5=0.310784
[03-21-2018 06:37:35]	[Train:train] Iter:68	loss=0.456027
[03-21-2018 06:37:36]	[Eval:test] Iter:68	ndcg@10=0.320422	ndcg@3=0.274203	map=0.384475	ndcg@5=0.286238
[03-21-2018 06:37:49]	[Eval:valid] Iter:68	ndcg@10=0.360359	ndcg@3=0.298049	map=0.432002	ndcg@5=0.310926
[03-21-2018 06:38:35]	[Train:train] Iter:69	loss=0.482557
[03-21-2018 06:38:36]	[Eval:test] Iter:69	ndcg@10=0.320644	ndcg@3=0.273767	map=0.385041	ndcg@5=0.286903
[03-21-2018 06:38:50]	[Eval:valid] Iter:69	ndcg@10=0.360850	ndcg@3=0.298478	map=0.432126	ndcg@5=0.311242
[03-21-2018 06:39:36]	[Train:train] Iter:70	loss=0.498965
[03-21-2018 06:39:37]	[Eval:test] Iter:70	ndcg@10=0.321766	ndcg@3=0.276863	map=0.385458	ndcg@5=0.286258
[03-21-2018 06:39:51]	[Eval:valid] Iter:70	ndcg@10=0.361985	ndcg@3=0.300422	map=0.432811	ndcg@5=0.311273
[03-21-2018 06:40:37]	[Train:train] Iter:71	loss=0.461899
[03-21-2018 06:40:38]	[Eval:test] Iter:71	ndcg@10=0.322394	ndcg@3=0.277295	map=0.386245	ndcg@5=0.286276
[03-21-2018 06:40:51]	[Eval:valid] Iter:71	ndcg@10=0.362899	ndcg@3=0.301090	map=0.433306	ndcg@5=0.312154
[03-21-2018 06:41:38]	[Train:train] Iter:72	loss=0.474878
[03-21-2018 06:41:39]	[Eval:test] Iter:72	ndcg@10=0.323552	ndcg@3=0.276039	map=0.386808	ndcg@5=0.287363
[03-21-2018 06:41:52]	[Eval:valid] Iter:72	ndcg@10=0.362810	ndcg@3=0.300428	map=0.433557	ndcg@5=0.312371
[03-21-2018 06:42:38]	[Train:train] Iter:73	loss=0.472784
[03-21-2018 06:42:39]	[Eval:test] Iter:73	ndcg@10=0.324736	ndcg@3=0.275613	map=0.387316	ndcg@5=0.287887
[03-21-2018 06:42:52]	[Eval:valid] Iter:73	ndcg@10=0.362669	ndcg@3=0.299672	map=0.433630	ndcg@5=0.313002
[03-21-2018 06:43:39]	[Train:train] Iter:74	loss=0.431015
[03-21-2018 06:43:40]	[Eval:test] Iter:74	ndcg@10=0.324283	ndcg@3=0.276211	map=0.387231	ndcg@5=0.287881
[03-21-2018 06:43:53]	[Eval:valid] Iter:74	ndcg@10=0.363353	ndcg@3=0.299785	map=0.433455	ndcg@5=0.313080
[03-21-2018 06:44:40]	[Train:train] Iter:75	loss=0.471256
[03-21-2018 06:44:40]	[Eval:test] Iter:75	ndcg@10=0.325687	ndcg@3=0.275928	map=0.387161	ndcg@5=0.287582
[03-21-2018 06:44:54]	[Eval:valid] Iter:75	ndcg@10=0.363383	ndcg@3=0.299893	map=0.433439	ndcg@5=0.313852
[03-21-2018 06:45:40]	[Train:train] Iter:76	loss=0.503269
[03-21-2018 06:45:41]	[Eval:test] Iter:76	ndcg@10=0.327897	ndcg@3=0.276792	map=0.388192	ndcg@5=0.290080
[03-21-2018 06:45:55]	[Eval:valid] Iter:76	ndcg@10=0.364658	ndcg@3=0.301377	map=0.434319	ndcg@5=0.315507
[03-21-2018 06:46:41]	[Train:train] Iter:77	loss=0.502512
[03-21-2018 06:46:42]	[Eval:test] Iter:77	ndcg@10=0.325473	ndcg@3=0.275504	map=0.387958	ndcg@5=0.290343
[03-21-2018 06:46:55]	[Eval:valid] Iter:77	ndcg@10=0.364582	ndcg@3=0.301323	map=0.434615	ndcg@5=0.315473
[03-21-2018 06:47:42]	[Train:train] Iter:78	loss=0.486947
[03-21-2018 06:47:42]	[Eval:test] Iter:78	ndcg@10=0.327973	ndcg@3=0.278313	map=0.387649	ndcg@5=0.290404
[03-21-2018 06:47:56]	[Eval:valid] Iter:78	ndcg@10=0.365652	ndcg@3=0.301152	map=0.435028	ndcg@5=0.316658
[03-21-2018 06:48:42]	[Train:train] Iter:79	loss=0.464677
[03-21-2018 06:48:43]	[Eval:test] Iter:79	ndcg@10=0.328469	ndcg@3=0.278416	map=0.388224	ndcg@5=0.289857
[03-21-2018 06:48:56]	[Eval:valid] Iter:79	ndcg@10=0.366606	ndcg@3=0.301417	map=0.435395	ndcg@5=0.316373
[03-21-2018 06:49:43]	[Train:train] Iter:80	loss=0.481409
[03-21-2018 06:49:44]	[Eval:test] Iter:80	ndcg@10=0.329708	ndcg@3=0.281266	map=0.388820	ndcg@5=0.291978
[03-21-2018 06:49:57]	[Eval:valid] Iter:80	ndcg@10=0.367090	ndcg@3=0.300444	map=0.435903	ndcg@5=0.317371
[03-21-2018 06:50:43]	[Train:train] Iter:81	loss=0.423149
[03-21-2018 06:50:44]	[Eval:test] Iter:81	ndcg@10=0.330153	ndcg@3=0.281397	map=0.388657	ndcg@5=0.290715
[03-21-2018 06:50:58]	[Eval:valid] Iter:81	ndcg@10=0.366774	ndcg@3=0.299782	map=0.436207	ndcg@5=0.316720
[03-21-2018 06:51:44]	[Train:train] Iter:82	loss=0.469707
[03-21-2018 06:51:45]	[Eval:test] Iter:82	ndcg@10=0.330285	ndcg@3=0.280648	map=0.388290	ndcg@5=0.291804
[03-21-2018 06:51:58]	[Eval:valid] Iter:82	ndcg@10=0.368265	ndcg@3=0.299615	map=0.436717	ndcg@5=0.317089
[03-21-2018 06:52:45]	[Train:train] Iter:83	loss=0.482103
[03-21-2018 06:52:45]	[Eval:test] Iter:83	ndcg@10=0.329016	ndcg@3=0.280376	map=0.388173	ndcg@5=0.290132
[03-21-2018 06:52:59]	[Eval:valid] Iter:83	ndcg@10=0.368288	ndcg@3=0.300463	map=0.436763	ndcg@5=0.316767
[03-21-2018 06:53:45]	[Train:train] Iter:84	loss=0.427166
[03-21-2018 06:53:46]	[Eval:test] Iter:84	ndcg@10=0.330554	ndcg@3=0.280695	map=0.388390	ndcg@5=0.290492
[03-21-2018 06:53:59]	[Eval:valid] Iter:84	ndcg@10=0.369676	ndcg@3=0.300244	map=0.437672	ndcg@5=0.317366
[03-21-2018 06:54:46]	[Train:train] Iter:85	loss=0.496313
[03-21-2018 06:54:47]	[Eval:test] Iter:85	ndcg@10=0.330270	ndcg@3=0.279366	map=0.388373	ndcg@5=0.289945
[03-21-2018 06:55:00]	[Eval:valid] Iter:85	ndcg@10=0.370242	ndcg@3=0.300712	map=0.438224	ndcg@5=0.317872
[03-21-2018 06:55:47]	[Train:train] Iter:86	loss=0.466455
[03-21-2018 06:55:47]	[Eval:test] Iter:86	ndcg@10=0.330538	ndcg@3=0.283249	map=0.388279	ndcg@5=0.293388
[03-21-2018 06:56:01]	[Eval:valid] Iter:86	ndcg@10=0.373582	ndcg@3=0.303609	map=0.439551	ndcg@5=0.321098
[03-21-2018 06:56:47]	[Train:train] Iter:87	loss=0.447800
[03-21-2018 06:56:48]	[Eval:test] Iter:87	ndcg@10=0.331369	ndcg@3=0.285901	map=0.388595	ndcg@5=0.295151
[03-21-2018 06:57:02]	[Eval:valid] Iter:87	ndcg@10=0.375861	ndcg@3=0.304985	map=0.440730	ndcg@5=0.323206
[03-21-2018 06:57:48]	[Train:train] Iter:88	loss=0.466427
[03-21-2018 06:57:49]	[Eval:test] Iter:88	ndcg@10=0.331528	ndcg@3=0.283888	map=0.388788	ndcg@5=0.296569
[03-21-2018 06:58:02]	[Eval:valid] Iter:88	ndcg@10=0.378660	ndcg@3=0.309636	map=0.442591	ndcg@5=0.327604
[03-21-2018 06:58:49]	[Train:train] Iter:89	loss=0.542919
[03-21-2018 06:58:49]	[Eval:test] Iter:89	ndcg@10=0.342437	ndcg@3=0.294850	map=0.391844	ndcg@5=0.309385
[03-21-2018 06:59:03]	[Eval:valid] Iter:89	ndcg@10=0.393144	ndcg@3=0.325502	map=0.450676	ndcg@5=0.344930
[03-21-2018 06:59:49]	[Train:train] Iter:90	loss=0.445127
[03-21-2018 06:59:50]	[Eval:test] Iter:90	ndcg@10=0.344321	ndcg@3=0.300077	map=0.390885	ndcg@5=0.314569
[03-21-2018 07:00:04]	[Eval:valid] Iter:90	ndcg@10=0.399479	ndcg@3=0.332694	map=0.453075	ndcg@5=0.352364
[03-21-2018 07:00:50]	[Train:train] Iter:91	loss=0.494704
[03-21-2018 07:00:51]	[Eval:test] Iter:91	ndcg@10=0.347058	ndcg@3=0.298098	map=0.389750	ndcg@5=0.315143
[03-21-2018 07:01:04]	[Eval:valid] Iter:91	ndcg@10=0.404122	ndcg@3=0.335257	map=0.455211	ndcg@5=0.355959
[03-21-2018 07:01:51]	[Train:train] Iter:92	loss=0.460738
[03-21-2018 07:01:52]	[Eval:test] Iter:92	ndcg@10=0.347799	ndcg@3=0.302142	map=0.389460	ndcg@5=0.314641
[03-21-2018 07:02:05]	[Eval:valid] Iter:92	ndcg@10=0.405212	ndcg@3=0.337619	map=0.455576	ndcg@5=0.357591
[03-21-2018 07:02:51]	[Train:train] Iter:93	loss=0.480247
[03-21-2018 07:02:52]	[Eval:test] Iter:93	ndcg@10=0.348699	ndcg@3=0.306115	map=0.389285	ndcg@5=0.316311
[03-21-2018 07:03:05]	[Eval:valid] Iter:93	ndcg@10=0.405599	ndcg@3=0.339380	map=0.456808	ndcg@5=0.359613
[03-21-2018 07:03:51]	[Train:train] Iter:94	loss=0.439246
[03-21-2018 07:03:52]	[Eval:test] Iter:94	ndcg@10=0.346026	ndcg@3=0.300303	map=0.389761	ndcg@5=0.313753
[03-21-2018 07:04:06]	[Eval:valid] Iter:94	ndcg@10=0.406354	ndcg@3=0.338277	map=0.456526	ndcg@5=0.358627
[03-21-2018 07:04:52]	[Train:train] Iter:95	loss=0.475895
[03-21-2018 07:04:53]	[Eval:test] Iter:95	ndcg@10=0.346545	ndcg@3=0.302169	map=0.395641	ndcg@5=0.309971
[03-21-2018 07:05:07]	[Eval:valid] Iter:95	ndcg@10=0.396396	ndcg@3=0.331123	map=0.453450	ndcg@5=0.350305
[03-21-2018 07:05:53]	[Train:train] Iter:96	loss=0.407002
[03-21-2018 07:05:54]	[Eval:test] Iter:96	ndcg@10=0.340012	ndcg@3=0.289318	map=0.392373	ndcg@5=0.299036
[03-21-2018 07:06:07]	[Eval:valid] Iter:96	ndcg@10=0.378417	ndcg@3=0.310271	map=0.443908	ndcg@5=0.327688
[03-21-2018 07:06:54]	[Train:train] Iter:97	loss=0.442469
[03-21-2018 07:06:54]	[Eval:test] Iter:97	ndcg@10=0.335338	ndcg@3=0.277128	map=0.389189	ndcg@5=0.291562
[03-21-2018 07:07:08]	[Eval:valid] Iter:97	ndcg@10=0.374763	ndcg@3=0.304417	map=0.442035	ndcg@5=0.322458
[03-21-2018 07:07:54]	[Train:train] Iter:98	loss=0.500553
[03-21-2018 07:07:55]	[Eval:test] Iter:98	ndcg@10=0.335076	ndcg@3=0.276805	map=0.388777	ndcg@5=0.291025
[03-21-2018 07:08:09]	[Eval:valid] Iter:98	ndcg@10=0.373731	ndcg@3=0.302416	map=0.441715	ndcg@5=0.321873
[03-21-2018 07:08:55]	[Train:train] Iter:99	loss=0.556481
[03-21-2018 07:08:56]	[Eval:test] Iter:99	ndcg@10=0.337208	ndcg@3=0.283292	map=0.389908	ndcg@5=0.294845
[03-21-2018 07:09:09]	[Eval:valid] Iter:99	ndcg@10=0.376972	ndcg@3=0.304878	map=0.443907	ndcg@5=0.326719
[03-21-2018 07:09:55]	[Train:train] Iter:100	loss=0.447269
[03-21-2018 07:09:56]	[Eval:test] Iter:100	ndcg@10=0.339580	ndcg@3=0.287925	map=0.391200	ndcg@5=0.298933
[03-21-2018 07:10:10]	[Eval:valid] Iter:100	ndcg@10=0.385662	ndcg@3=0.316309	map=0.447987	ndcg@5=0.336066
[03-21-2018 07:10:56]	[Train:train] Iter:101	loss=0.424769
[03-21-2018 07:10:57]	[Eval:test] Iter:101	ndcg@10=0.350177	ndcg@3=0.299858	map=0.394405	ndcg@5=0.315881
[03-21-2018 07:11:10]	[Eval:valid] Iter:101	ndcg@10=0.399740	ndcg@3=0.330327	map=0.454324	ndcg@5=0.351543
[03-21-2018 07:11:56]	[Train:train] Iter:102	loss=0.492800
[03-21-2018 07:11:57]	[Eval:test] Iter:102	ndcg@10=0.350497	ndcg@3=0.303911	map=0.394318	ndcg@5=0.320040
[03-21-2018 07:12:10]	[Eval:valid] Iter:102	ndcg@10=0.411649	ndcg@3=0.342950	map=0.458539	ndcg@5=0.362600
[03-21-2018 07:12:56]	[Train:train] Iter:103	loss=0.465066
[03-21-2018 07:12:57]	[Eval:test] Iter:103	ndcg@10=0.350908	ndcg@3=0.305750	map=0.394350	ndcg@5=0.318130
[03-21-2018 07:13:10]	[Eval:valid] Iter:103	ndcg@10=0.408271	ndcg@3=0.340762	map=0.457746	ndcg@5=0.361530
[03-21-2018 07:13:57]	[Train:train] Iter:104	loss=0.446901
[03-21-2018 07:13:58]	[Eval:test] Iter:104	ndcg@10=0.354855	ndcg@3=0.305357	map=0.394810	ndcg@5=0.317959
[03-21-2018 07:14:11]	[Eval:valid] Iter:104	ndcg@10=0.407482	ndcg@3=0.342520	map=0.457422	ndcg@5=0.360663
[03-21-2018 07:14:57]	[Train:train] Iter:105	loss=0.425255
[03-21-2018 07:14:58]	[Eval:test] Iter:105	ndcg@10=0.354033	ndcg@3=0.303107	map=0.396487	ndcg@5=0.316323
[03-21-2018 07:15:11]	[Eval:valid] Iter:105	ndcg@10=0.398706	ndcg@3=0.330309	map=0.452743	ndcg@5=0.352551
[03-21-2018 07:15:57]	[Train:train] Iter:106	loss=0.419798
[03-21-2018 07:15:58]	[Eval:test] Iter:106	ndcg@10=0.343620	ndcg@3=0.287642	map=0.391048	ndcg@5=0.301701
[03-21-2018 07:16:11]	[Eval:valid] Iter:106	ndcg@10=0.387983	ndcg@3=0.322038	map=0.448913	ndcg@5=0.342098
[03-21-2018 07:16:57]	[Train:train] Iter:107	loss=0.482283
[03-21-2018 07:16:58]	[Eval:test] Iter:107	ndcg@10=0.341283	ndcg@3=0.278159	map=0.389889	ndcg@5=0.295976
[03-21-2018 07:17:11]	[Eval:valid] Iter:107	ndcg@10=0.380721	ndcg@3=0.314571	map=0.445060	ndcg@5=0.332865
[03-21-2018 07:17:57]	[Train:train] Iter:108	loss=0.467647
[03-21-2018 07:17:58]	[Eval:test] Iter:108	ndcg@10=0.338857	ndcg@3=0.276405	map=0.389206	ndcg@5=0.292637
[03-21-2018 07:18:11]	[Eval:valid] Iter:108	ndcg@10=0.377330	ndcg@3=0.307367	map=0.443275	ndcg@5=0.328507
[03-21-2018 07:18:57]	[Train:train] Iter:109	loss=0.463542
[03-21-2018 07:18:58]	[Eval:test] Iter:109	ndcg@10=0.338727	ndcg@3=0.276585	map=0.389598	ndcg@5=0.294517
[03-21-2018 07:19:11]	[Eval:valid] Iter:109	ndcg@10=0.377242	ndcg@3=0.308476	map=0.443663	ndcg@5=0.329550
[03-21-2018 07:19:57]	[Train:train] Iter:110	loss=0.474272
[03-21-2018 07:19:58]	[Eval:test] Iter:110	ndcg@10=0.339872	ndcg@3=0.279658	map=0.389321	ndcg@5=0.294242
[03-21-2018 07:20:11]	[Eval:valid] Iter:110	ndcg@10=0.380324	ndcg@3=0.314150	map=0.445984	ndcg@5=0.331657
[03-21-2018 07:20:57]	[Train:train] Iter:111	loss=0.437135
[03-21-2018 07:20:58]	[Eval:test] Iter:111	ndcg@10=0.341272	ndcg@3=0.286897	map=0.392161	ndcg@5=0.302999
[03-21-2018 07:21:11]	[Eval:valid] Iter:111	ndcg@10=0.389515	ndcg@3=0.321514	map=0.449874	ndcg@5=0.341214
[03-21-2018 07:21:57]	[Train:train] Iter:112	loss=0.432351
[03-21-2018 07:21:58]	[Eval:test] Iter:112	ndcg@10=0.347064	ndcg@3=0.290293	map=0.392251	ndcg@5=0.309425
[03-21-2018 07:22:11]	[Eval:valid] Iter:112	ndcg@10=0.393686	ndcg@3=0.325365	map=0.451391	ndcg@5=0.346143
[03-21-2018 07:22:57]	[Train:train] Iter:113	loss=0.441445
[03-21-2018 07:22:58]	[Eval:test] Iter:113	ndcg@10=0.355386	ndcg@3=0.302149	map=0.395853	ndcg@5=0.318040
[03-21-2018 07:23:11]	[Eval:valid] Iter:113	ndcg@10=0.398093	ndcg@3=0.330244	map=0.453127	ndcg@5=0.352538
[03-21-2018 07:23:58]	[Train:train] Iter:114	loss=0.467301
[03-21-2018 07:23:58]	[Eval:test] Iter:114	ndcg@10=0.353396	ndcg@3=0.303862	map=0.394318	ndcg@5=0.317251
[03-21-2018 07:24:12]	[Eval:valid] Iter:114	ndcg@10=0.401044	ndcg@3=0.334288	map=0.454309	ndcg@5=0.356351
[03-21-2018 07:24:58]	[Train:train] Iter:115	loss=0.443081
[03-21-2018 07:24:59]	[Eval:test] Iter:115	ndcg@10=0.355246	ndcg@3=0.309308	map=0.395209	ndcg@5=0.320207
[03-21-2018 07:25:12]	[Eval:valid] Iter:115	ndcg@10=0.402299	ndcg@3=0.334869	map=0.454941	ndcg@5=0.357354
[03-21-2018 07:25:59]	[Train:train] Iter:116	loss=0.457633
[03-21-2018 07:25:59]	[Eval:test] Iter:116	ndcg@10=0.353718	ndcg@3=0.304882	map=0.394677	ndcg@5=0.319081
[03-21-2018 07:26:13]	[Eval:valid] Iter:116	ndcg@10=0.402773	ndcg@3=0.337654	map=0.455160	ndcg@5=0.357805
[03-21-2018 07:26:58]	[Train:train] Iter:117	loss=0.420424
[03-21-2018 07:26:59]	[Eval:test] Iter:117	ndcg@10=0.349717	ndcg@3=0.296911	map=0.393426	ndcg@5=0.313038
[03-21-2018 07:27:13]	[Eval:valid] Iter:117	ndcg@10=0.396950	ndcg@3=0.328943	map=0.452914	ndcg@5=0.352975
[03-21-2018 07:27:58]	[Train:train] Iter:118	loss=0.475747
[03-21-2018 07:27:59]	[Eval:test] Iter:118	ndcg@10=0.343796	ndcg@3=0.289221	map=0.391089	ndcg@5=0.303364
[03-21-2018 07:28:12]	[Eval:valid] Iter:118	ndcg@10=0.391700	ndcg@3=0.325082	map=0.450971	ndcg@5=0.344484
[03-21-2018 07:28:58]	[Train:train] Iter:119	loss=0.445750
[03-21-2018 07:28:59]	[Eval:test] Iter:119	ndcg@10=0.341761	ndcg@3=0.280463	map=0.388966	ndcg@5=0.299307
[03-21-2018 07:29:12]	[Eval:valid] Iter:119	ndcg@10=0.384389	ndcg@3=0.317983	map=0.447923	ndcg@5=0.335549
[03-21-2018 07:29:58]	[Train:train] Iter:120	loss=0.420320
[03-21-2018 07:29:59]	[Eval:test] Iter:120	ndcg@10=0.340096	ndcg@3=0.280871	map=0.389047	ndcg@5=0.295535
[03-21-2018 07:30:12]	[Eval:valid] Iter:120	ndcg@10=0.382140	ndcg@3=0.314723	map=0.446389	ndcg@5=0.331845
[03-21-2018 07:30:59]	[Train:train] Iter:121	loss=0.517271
[03-21-2018 07:30:59]	[Eval:test] Iter:121	ndcg@10=0.341245	ndcg@3=0.280591	map=0.388935	ndcg@5=0.299551
[03-21-2018 07:31:13]	[Eval:valid] Iter:121	ndcg@10=0.386586	ndcg@3=0.318335	map=0.447771	ndcg@5=0.336189
[03-21-2018 07:31:59]	[Train:train] Iter:122	loss=0.430765
[03-21-2018 07:32:00]	[Eval:test] Iter:122	ndcg@10=0.347806	ndcg@3=0.289540	map=0.392179	ndcg@5=0.309068
[03-21-2018 07:32:13]	[Eval:valid] Iter:122	ndcg@10=0.394746	ndcg@3=0.325888	map=0.452070	ndcg@5=0.347121
[03-21-2018 07:32:59]	[Train:train] Iter:123	loss=0.440888
[03-21-2018 07:33:00]	[Eval:test] Iter:123	ndcg@10=0.349551	ndcg@3=0.295758	map=0.392443	ndcg@5=0.312242
[03-21-2018 07:33:14]	[Eval:valid] Iter:123	ndcg@10=0.399366	ndcg@3=0.334117	map=0.454166	ndcg@5=0.354147
[03-21-2018 07:34:00]	[Train:train] Iter:124	loss=0.475925
[03-21-2018 07:34:01]	[Eval:test] Iter:124	ndcg@10=0.352243	ndcg@3=0.298874	map=0.392677	ndcg@5=0.314259
[03-21-2018 07:34:14]	[Eval:valid] Iter:124	ndcg@10=0.405178	ndcg@3=0.340547	map=0.457582	ndcg@5=0.361021
[03-21-2018 07:35:01]	[Train:train] Iter:125	loss=0.435951
[03-21-2018 07:35:01]	[Eval:test] Iter:125	ndcg@10=0.352016	ndcg@3=0.299636	map=0.393112	ndcg@5=0.316319
[03-21-2018 07:35:15]	[Eval:valid] Iter:125	ndcg@10=0.405448	ndcg@3=0.340810	map=0.457215	ndcg@5=0.359128
[03-21-2018 07:36:01]	[Train:train] Iter:126	loss=0.377977
[03-21-2018 07:36:02]	[Eval:test] Iter:126	ndcg@10=0.351169	ndcg@3=0.296882	map=0.393318	ndcg@5=0.317956
[03-21-2018 07:36:15]	[Eval:valid] Iter:126	ndcg@10=0.403340	ndcg@3=0.336356	map=0.456171	ndcg@5=0.357120
[03-21-2018 07:37:02]	[Train:train] Iter:127	loss=0.489981
[03-21-2018 07:37:03]	[Eval:test] Iter:127	ndcg@10=0.347214	ndcg@3=0.291555	map=0.391847	ndcg@5=0.311410
[03-21-2018 07:37:16]	[Eval:valid] Iter:127	ndcg@10=0.401604	ndcg@3=0.331907	map=0.454779	ndcg@5=0.353264
[03-21-2018 07:38:02]	[Train:train] Iter:128	loss=0.423162
[03-21-2018 07:38:03]	[Eval:test] Iter:128	ndcg@10=0.343717	ndcg@3=0.288281	map=0.391142	ndcg@5=0.307515
[03-21-2018 07:38:17]	[Eval:valid] Iter:128	ndcg@10=0.393802	ndcg@3=0.325345	map=0.452316	ndcg@5=0.345918
[03-21-2018 07:39:03]	[Train:train] Iter:129	loss=0.426323
[03-21-2018 07:39:04]	[Eval:test] Iter:129	ndcg@10=0.343214	ndcg@3=0.281267	map=0.390067	ndcg@5=0.301346
[03-21-2018 07:39:17]	[Eval:valid] Iter:129	ndcg@10=0.388006	ndcg@3=0.318351	map=0.449250	ndcg@5=0.338400
[03-21-2018 07:40:03]	[Train:train] Iter:130	loss=0.424382
[03-21-2018 07:40:04]	[Eval:test] Iter:130	ndcg@10=0.339645	ndcg@3=0.279141	map=0.390086	ndcg@5=0.298743
[03-21-2018 07:40:18]	[Eval:valid] Iter:130	ndcg@10=0.384282	ndcg@3=0.311266	map=0.445773	ndcg@5=0.332960
[03-21-2018 07:41:04]	[Train:train] Iter:131	loss=0.444266
[03-21-2018 07:41:05]	[Eval:test] Iter:131	ndcg@10=0.338882	ndcg@3=0.278335	map=0.389398	ndcg@5=0.298629
[03-21-2018 07:41:18]	[Eval:valid] Iter:131	ndcg@10=0.382862	ndcg@3=0.311355	map=0.444886	ndcg@5=0.332316
[03-21-2018 07:42:04]	[Train:train] Iter:132	loss=0.475159
[03-21-2018 07:42:05]	[Eval:test] Iter:132	ndcg@10=0.337415	ndcg@3=0.275001	map=0.389228	ndcg@5=0.299087
[03-21-2018 07:42:18]	[Eval:valid] Iter:132	ndcg@10=0.383737	ndcg@3=0.313999	map=0.444713	ndcg@5=0.334169
[03-21-2018 07:43:04]	[Train:train] Iter:133	loss=0.436096
[03-21-2018 07:43:05]	[Eval:test] Iter:133	ndcg@10=0.342093	ndcg@3=0.281808	map=0.390783	ndcg@5=0.302934
[03-21-2018 07:43:18]	[Eval:valid] Iter:133	ndcg@10=0.387056	ndcg@3=0.321456	map=0.446675	ndcg@5=0.339898
[03-21-2018 07:44:04]	[Train:train] Iter:134	loss=0.488243
[03-21-2018 07:44:05]	[Eval:test] Iter:134	ndcg@10=0.346950	ndcg@3=0.293245	map=0.392301	ndcg@5=0.311038
[03-21-2018 07:44:18]	[Eval:valid] Iter:134	ndcg@10=0.399393	ndcg@3=0.336255	map=0.451227	ndcg@5=0.351076
[03-21-2018 07:45:04]	[Train:train] Iter:135	loss=0.413994
[03-21-2018 07:45:05]	[Eval:test] Iter:135	ndcg@10=0.353206	ndcg@3=0.305506	map=0.394016	ndcg@5=0.312216
[03-21-2018 07:45:18]	[Eval:valid] Iter:135	ndcg@10=0.403635	ndcg@3=0.344159	map=0.453159	ndcg@5=0.359047
[03-21-2018 07:46:04]	[Train:train] Iter:136	loss=0.421481
[03-21-2018 07:46:05]	[Eval:test] Iter:136	ndcg@10=0.357755	ndcg@3=0.308369	map=0.396585	ndcg@5=0.317853
[03-21-2018 07:46:19]	[Eval:valid] Iter:136	ndcg@10=0.407146	ndcg@3=0.350004	map=0.454468	ndcg@5=0.363895
[03-21-2018 07:47:05]	[Train:train] Iter:137	loss=0.432172
[03-21-2018 07:47:06]	[Eval:test] Iter:137	ndcg@10=0.357703	ndcg@3=0.307473	map=0.397859	ndcg@5=0.319807
[03-21-2018 07:47:19]	[Eval:valid] Iter:137	ndcg@10=0.407469	ndcg@3=0.352768	map=0.455347	ndcg@5=0.366158
[03-21-2018 07:48:05]	[Train:train] Iter:138	loss=0.445924
[03-21-2018 07:48:06]	[Eval:test] Iter:138	ndcg@10=0.359152	ndcg@3=0.308376	map=0.398304	ndcg@5=0.318065
[03-21-2018 07:48:20]	[Eval:valid] Iter:138	ndcg@10=0.409602	ndcg@3=0.355656	map=0.457847	ndcg@5=0.367495
[03-21-2018 07:49:06]	[Train:train] Iter:139	loss=0.472809
[03-21-2018 07:49:07]	[Eval:test] Iter:139	ndcg@10=0.356010	ndcg@3=0.306817	map=0.396527	ndcg@5=0.316755
[03-21-2018 07:49:20]	[Eval:valid] Iter:139	ndcg@10=0.410843	ndcg@3=0.353176	map=0.458318	ndcg@5=0.368821
[03-21-2018 07:50:07]	[Train:train] Iter:140	loss=0.466750
[03-21-2018 07:50:08]	[Eval:test] Iter:140	ndcg@10=0.356463	ndcg@3=0.306352	map=0.395862	ndcg@5=0.318788
[03-21-2018 07:50:21]	[Eval:valid] Iter:140	ndcg@10=0.412637	ndcg@3=0.356778	map=0.461316	ndcg@5=0.373394
[03-21-2018 07:51:08]	[Train:train] Iter:141	loss=0.471090
[03-21-2018 07:51:09]	[Eval:test] Iter:141	ndcg@10=0.355694	ndcg@3=0.312845	map=0.394614	ndcg@5=0.321303
[03-21-2018 07:51:22]	[Eval:valid] Iter:141	ndcg@10=0.413664	ndcg@3=0.354189	map=0.461779	ndcg@5=0.371357
[03-21-2018 07:52:08]	[Train:train] Iter:142	loss=0.406464
[03-21-2018 07:52:09]	[Eval:test] Iter:142	ndcg@10=0.353964	ndcg@3=0.302811	map=0.392982	ndcg@5=0.319781
[03-21-2018 07:52:23]	[Eval:valid] Iter:142	ndcg@10=0.411658	ndcg@3=0.351480	map=0.461336	ndcg@5=0.370070
[03-21-2018 07:53:09]	[Train:train] Iter:143	loss=0.430400
[03-21-2018 07:53:10]	[Eval:test] Iter:143	ndcg@10=0.352628	ndcg@3=0.300836	map=0.392570	ndcg@5=0.319199
[03-21-2018 07:53:23]	[Eval:valid] Iter:143	ndcg@10=0.410473	ndcg@3=0.343828	map=0.460263	ndcg@5=0.365736
[03-21-2018 07:54:10]	[Train:train] Iter:144	loss=0.419306
[03-21-2018 07:54:11]	[Eval:test] Iter:144	ndcg@10=0.351650	ndcg@3=0.300164	map=0.392002	ndcg@5=0.321592
[03-21-2018 07:54:24]	[Eval:valid] Iter:144	ndcg@10=0.411701	ndcg@3=0.347448	map=0.460145	ndcg@5=0.365434
[03-21-2018 07:55:10]	[Train:train] Iter:145	loss=0.467690
[03-21-2018 07:55:11]	[Eval:test] Iter:145	ndcg@10=0.351136	ndcg@3=0.297315	map=0.392628	ndcg@5=0.318968
[03-21-2018 07:55:25]	[Eval:valid] Iter:145	ndcg@10=0.411820	ndcg@3=0.346455	map=0.459702	ndcg@5=0.364757
[03-21-2018 07:56:11]	[Train:train] Iter:146	loss=0.407849
[03-21-2018 07:56:12]	[Eval:test] Iter:146	ndcg@10=0.349636	ndcg@3=0.298537	map=0.393390	ndcg@5=0.316647
[03-21-2018 07:56:25]	[Eval:valid] Iter:146	ndcg@10=0.409451	ndcg@3=0.341283	map=0.459223	ndcg@5=0.363694
[03-21-2018 07:57:11]	[Train:train] Iter:147	loss=0.427093
[03-21-2018 07:57:12]	[Eval:test] Iter:147	ndcg@10=0.348840	ndcg@3=0.298671	map=0.394796	ndcg@5=0.317091
[03-21-2018 07:57:25]	[Eval:valid] Iter:147	ndcg@10=0.406386	ndcg@3=0.337989	map=0.459123	ndcg@5=0.362080
[03-21-2018 07:58:11]	[Train:train] Iter:148	loss=0.399154
[03-21-2018 07:58:12]	[Eval:test] Iter:148	ndcg@10=0.352764	ndcg@3=0.304861	map=0.395375	ndcg@5=0.318722
[03-21-2018 07:58:25]	[Eval:valid] Iter:148	ndcg@10=0.412667	ndcg@3=0.347834	map=0.461291	ndcg@5=0.366053
[03-21-2018 07:59:11]	[Train:train] Iter:149	loss=0.421962
[03-21-2018 07:59:12]	[Eval:test] Iter:149	ndcg@10=0.351702	ndcg@3=0.298997	map=0.393390	ndcg@5=0.319931
[03-21-2018 07:59:25]	[Eval:valid] Iter:149	ndcg@10=0.415075	ndcg@3=0.351941	map=0.462888	ndcg@5=0.367326
[03-21-2018 08:00:11]	[Train:train] Iter:150	loss=0.475300
[03-21-2018 08:00:12]	[Eval:test] Iter:150	ndcg@10=0.357052	ndcg@3=0.308484	map=0.397181	ndcg@5=0.321853
[03-21-2018 08:00:25]	[Eval:valid] Iter:150	ndcg@10=0.418296	ndcg@3=0.353740	map=0.464258	ndcg@5=0.374083
